 * Serving Flask app 'app' (lazy loading)
 * Environment: production
   WARNING: This is a development server. Do not use it in a production deployment.
   Use a production WSGI server instead.
 * Debug mode: off
/home/ks.munoz10/.local/lib/python3.8/site-packages/flask_marshmallow/__init__.py:26: UserWarning: Flask-SQLAlchemy integration requires marshmallow-sqlalchemy to be installed.
  warnings.warn(
/home/ks.munoz10/.local/lib/python3.8/site-packages/flask_sqlalchemy/__init__.py:872: FSADeprecationWarning: SQLALCHEMY_TRACK_MODIFICATIONS adds significant overhead and will be disabled by default in the future.  Set it to True or False to suppress this warning.
  warnings.warn(FSADeprecationWarning(
Traceback (most recent call last):
  File "app.py", line 236, in <module>
    app.run(debug=False,host="0.0.0.0", port=8080)
  File "/home/ks.munoz10/.local/lib/python3.8/site-packages/flask/app.py", line 920, in run
    run_simple(t.cast(str, host), port, self, **options)
  File "/home/ks.munoz10/.local/lib/python3.8/site-packages/werkzeug/serving.py", line 1010, in run_simple
    inner()
  File "/home/ks.munoz10/.local/lib/python3.8/site-packages/werkzeug/serving.py", line 950, in inner
    srv = make_server(
  File "/home/ks.munoz10/.local/lib/python3.8/site-packages/werkzeug/serving.py", line 782, in make_server
    return ThreadedWSGIServer(
  File "/home/ks.munoz10/.local/lib/python3.8/site-packages/werkzeug/serving.py", line 688, in __init__
    super().__init__(server_address, handler)  # type: ignore
  File "/usr/lib/python3.8/socketserver.py", line 452, in __init__
    self.server_bind()
  File "/usr/lib/python3.8/http/server.py", line 138, in server_bind
    socketserver.TCPServer.server_bind(self)
  File "/usr/lib/python3.8/socketserver.py", line 466, in server_bind
    self.socket.bind(self.server_address)
OSError: [Errno 98] Address already in use
